<?xml version="1.0" encoding="UTF-8"?>
<!-- Generated by org.testng.reporters.JUnitReportReporter -->
<testsuite hostname="DESKTOP-8VC3154" failures="0" tests="2" name="httpmethodpkg.testnghttp" time="5.559" errors="0" timestamp="2024-11-22T19:43:15 IST" skipped="0">
  <testcase classname="httpmethodpkg.testnghttp" name="post" time="4.310"/>
  <system-out/>
  <testcase classname="httpmethodpkg.testnghttp" name="get" time="1.249"/>
  <system-out/>
</testsuite> <!-- httpmethodpkg.testnghttp -->
