<?xml version="1.0" encoding="UTF-8"?>
<!-- Generated by org.testng.reporters.JUnitReportReporter -->
<testsuite hostname="DESKTOP-8VC3154" failures="0" tests="1" name="functionpkg.dpcls" time="0.000" errors="0" timestamp="2024-12-22T18:03:41 IST" skipped="1">
  <testcase classname="functionpkg.dpcls" name="dtprint" time="0.000">
    <skipped/>
  </testcase> <!-- dtprint -->
  <system-out/>
</testsuite> <!-- functionpkg.dpcls -->
